0 info it worked if it ends with ok
1 verbose cli [ '/usr/local/bin/node', '/usr/local/bin/npm', 'link', 'sass' ]
2 info using npm@3.0.0
3 info using node@v4.0.0
4 verbose stack Error: Argument #2: Expected array but got string
4 verbose stack     at EventEmitter.install (/usr/local/lib/node_modules/npm/lib/install.js:167:3)
4 verbose stack     at Object.commandCache.(anonymous function) (/usr/local/lib/node_modules/npm/lib/npm.js:207:13)
4 verbose stack     at /usr/local/lib/node_modules/npm/lib/link.js:88:29
4 verbose stack     at FSReqWrap.oncomplete (evalmachine.<anonymous>:82:15)
5 verbose cwd /Users/caojiangtao/ECMAScript6/myblog
6 error Darwin 16.0.0
7 error argv "/usr/local/bin/node" "/usr/local/bin/npm" "link" "sass"
8 error node v4.0.0
9 error npm  v3.0.0
10 error code EINVALIDTYPE
11 error typeerror Error: Argument #2: Expected array but got string
11 error typeerror     at EventEmitter.install (/usr/local/lib/node_modules/npm/lib/install.js:167:3)
11 error typeerror     at Object.commandCache.(anonymous function) (/usr/local/lib/node_modules/npm/lib/npm.js:207:13)
11 error typeerror     at /usr/local/lib/node_modules/npm/lib/link.js:88:29
11 error typeerror     at FSReqWrap.oncomplete (evalmachine.<anonymous>:82:15)
11 error typeerror This is an error with npm itself. Please report this error at:
11 error typeerror     <http://github.com/npm/npm/issues>
12 verbose exit [ 1, true ]
